<?xml version="1.0" encoding="UTF-8"?>
<testsuite name="ru.netology.selenide.AppCardDeliveryTest" tests="1" skipped="0" failures="0" errors="0" timestamp="2024-06-15T13:03:10" hostname="LAPTOP-DVIS9T4E" time="16.005">
  <properties/>
  <testcase name="verification()" classname="ru.netology.selenide.AppCardDeliveryTest" time="16.005"/>
  <system-out><![CDATA[]]></system-out>
  <system-err><![CDATA[SLF4J: No SLF4J providers were found.
SLF4J: Defaulting to no-operation (NOP) logger implementation
SLF4J: See https://www.slf4j.org/codes.html#noProviders for further details.
июн. 15, 2024 4:03:14 PM org.openqa.selenium.devtools.CdpVersionFinder findNearestMatch
WARNING: Unable to find CDP implementation matching 125
июн. 15, 2024 4:03:14 PM org.openqa.selenium.chromium.ChromiumDriver lambda$new$5
WARNING: Unable to find version of CDP to use for 125.0.6422.142. You may need to include a dependency on a specific version of the CDP using something similar to `org.seleniumhq.selenium:selenium-devtools-v86:4.11.0` where the version ("v86") matches the version of the chromium-based browser you're using and the version number of the artifact is the same as Selenium's.
]]></system-err>
</testsuite>
